# JRE version: Java(TM) SE Runtime Environment (8.0_111-b14) (build 1.8.0_111-b14)
# Java VM: Java HotSpot(TM) 64-Bit Server VM (25.111-b14 mixed mode windows-amd64 compressed oops)
Heap:
 PSYoungGen      total 90112K, used 22127K [0x000000076b600000, 0x0000000771980000, 0x00000007c0000000)
  eden space 81408K, 16% used [0x000000076b600000,0x000000076c31c578,0x0000000770580000)
  from space 8704K, 99% used [0x0000000770680000,0x0000000770eff950,0x0000000770f00000)
  to   space 10240K, 0% used [0x0000000770f80000,0x0000000770f80000,0x0000000771980000)
 ParOldGen       total 226816K, used 34356K [0x00000006c2200000, 0x00000006cff80000, 0x000000076b600000)
  object space 226816K, 15% used [0x00000006c2200000,0x00000006c438d338,0x00000006cff80000)
 Metaspace       used 60694K, capacity 64084K, committed 64512K, reserved 1105920K
  class space    used 8147K, capacity 8793K, committed 8960K, reserved 1048576K
GC Heap History (10 events):
Event: 93104.340 GC heap before
{Heap before GC invocations=79 (full 6):
 PSYoungGen      total 90624K, used 90594K [0x000000076b600000, 0x0000000771500000, 0x00000007c0000000)
  eden space 86528K, 100% used [0x000000076b600000,0x0000000770a80000,0x0000000770a80000)
  from space 4096K, 99% used [0x0000000771100000,0x00000007714f88c0,0x0000000771500000)
  to   space 4608K, 0% used [0x0000000770c00000,0x0000000770c00000,0x0000000771080000)
 ParOldGen       total 226816K, used 32820K [0x00000006c2200000, 0x00000006cff80000, 0x000000076b600000)
  object space 226816K, 14% used [0x00000006c2200000,0x00000006c420d370,0x00000006cff80000)
 Metaspace       used 60312K, capacity 63546K, committed 64128K, reserved 1103872K
  class space    used 8098K, capacity 8694K, committed 8832K, reserved 1048576K
Event: 93104.347 GC heap after
Heap after GC invocations=79 (full 6):
 PSYoungGen      total 89088K, used 3380K [0x000000076b600000, 0x0000000771380000, 0x00000007c0000000)
  eden space 85504K, 0% used [0x000000076b600000,0x000000076b600000,0x0000000770980000)
  from space 3584K, 94% used [0x0000000770c00000,0x0000000770f4d030,0x0000000770f80000)
  to   space 4096K, 0% used [0x0000000770f80000,0x0000000770f80000,0x0000000771380000)
 ParOldGen       total 226816K, used 32820K [0x00000006c2200000, 0x00000006cff80000, 0x000000076b600000)
  object space 226816K, 14% used [0x00000006c2200000,0x00000006c420d370,0x00000006cff80000)
 Metaspace       used 60312K, capacity 63546K, committed 64128K, reserved 1103872K
  class space    used 8098K, capacity 8694K, committed 8832K, reserved 1048576K
}
Event: 93353.678 GC heap before
{Heap before GC invocations=80 (full 6):
 PSYoungGen      total 89088K, used 88884K [0x000000076b600000, 0x0000000771380000, 0x00000007c0000000)
  eden space 85504K, 100% used [0x000000076b600000,0x0000000770980000,0x0000000770980000)
  from space 3584K, 94% used [0x0000000770c00000,0x0000000770f4d030,0x0000000770f80000)
  to   space 4096K, 0% used [0x0000000770f80000,0x0000000770f80000,0x0000000771380000)
 ParOldGen       total 226816K, used 32820K [0x00000006c2200000, 0x00000006cff80000, 0x000000076b600000)
  object space 226816K, 14% used [0x00000006c2200000,0x00000006c420d370,0x00000006cff80000)
 Metaspace       used 60447K, capacity 63714K, committed 64128K, reserved 1103872K
  class space    used 8118K, capacity 8742K, committed 8832K, reserved 1048576K
Event: 93353.683 GC heap after
Heap after GC invocations=80 (full 6):
 PSYoungGen      total 88576K, used 4084K [0x000000076b600000, 0x0000000771480000, 0x00000007c0000000)
  eden space 84480K, 0% used [0x000000076b600000,0x000000076b600000,0x0000000770880000)
  from space 4096K, 99% used [0x0000000770f80000,0x000000077137d030,0x0000000771380000)
  to   space 6144K, 0% used [0x0000000770880000,0x0000000770880000,0x0000000770e80000)
 ParOldGen       total 226816K, used 33090K [0x00000006c2200000, 0x00000006cff80000, 0x000000076b600000)
  object space 226816K, 14% used [0x00000006c2200000,0x00000006c4250ac0,0x00000006cff80000)
 Metaspace       used 60447K, capacity 63714K, committed 64128K, reserved 1103872K
  class space    used 8118K, capacity 8742K, committed 8832K, reserved 1048576K
}
Event: 93354.869 GC heap before
{Heap before GC invocations=81 (full 6):
 PSYoungGen      total 88576K, used 88535K [0x000000076b600000, 0x0000000771480000, 0x00000007c0000000)
  eden space 84480K, 99% used [0x000000076b600000,0x0000000770878cb0,0x0000000770880000)
  from space 4096K, 99% used [0x0000000770f80000,0x000000077137d030,0x0000000771380000)
  to   space 6144K, 0% used [0x0000000770880000,0x0000000770880000,0x0000000770e80000)
 ParOldGen       total 226816K, used 33090K [0x00000006c2200000, 0x00000006cff80000, 0x000000076b600000)
  object space 226816K, 14% used [0x00000006c2200000,0x00000006c4250ac0,0x00000006cff80000)
 Metaspace       used 60479K, capacity 63724K, committed 64128K, reserved 1103872K
  class space    used 8122K, capacity 8743K, committed 8832K, reserved 1048576K
Event: 93354.877 GC heap after
Heap after GC invocations=81 (full 6):
 PSYoungGen      total 89600K, used 6127K [0x000000076b600000, 0x0000000771680000, 0x00000007c0000000)
  eden space 83456K, 0% used [0x000000076b600000,0x000000076b600000,0x0000000770780000)
  from space 6144K, 99% used [0x0000000770880000,0x0000000770e7bf70,0x0000000770e80000)
  to   space 7680K, 0% used [0x0000000770f00000,0x0000000770f00000,0x0000000771680000)
 ParOldGen       total 226816K, used 34222K [0x00000006c2200000, 0x00000006cff80000, 0x000000076b600000)
  object space 226816K, 15% used [0x00000006c2200000,0x00000006c436ba98,0x00000006cff80000)
 Metaspace       used 60479K, capacity 63724K, committed 64128K, reserved 1103872K
  class space    used 8122K, capacity 8743K, committed 8832K, reserved 1048576K
}
Event: 93372.497 GC heap before
{Heap before GC invocations=82 (full 6):
 PSYoungGen      total 89600K, used 89583K [0x000000076b600000, 0x0000000771680000, 0x00000007c0000000)
  eden space 83456K, 100% used [0x000000076b600000,0x0000000770780000,0x0000000770780000)
  from space 6144K, 99% used [0x0000000770880000,0x0000000770e7bf70,0x0000000770e80000)
  to   space 7680K, 0% used [0x0000000770f00000,0x0000000770f00000,0x0000000771680000)
 ParOldGen       total 226816K, used 34222K [0x00000006c2200000, 0x00000006cff80000, 0x000000076b600000)
  object space 226816K, 15% used [0x00000006c2200000,0x00000006c436ba98,0x00000006cff80000)
 Metaspace       used 60556K, capacity 64002K, committed 64512K, reserved 1105920K
  class space    used 8137K, capacity 8789K, committed 8960K, reserved 1048576K
Event: 93372.502 GC heap after
Heap after GC invocations=82 (full 6):
 PSYoungGen      total 90112K, used 7376K [0x000000076b600000, 0x0000000771780000, 0x00000007c0000000)
  eden space 82432K, 0% used [0x000000076b600000,0x000000076b600000,0x0000000770680000)
  from space 7680K, 96% used [0x0000000770f00000,0x0000000771634228,0x0000000771680000)
  to   space 8704K, 0% used [0x0000000770680000,0x0000000770680000,0x0000000770f00000)
 ParOldGen       total 226816K, used 34230K [0x00000006c2200000, 0x00000006cff80000, 0x000000076b600000)
  object space 226816K, 15% used [0x00000006c2200000,0x00000006c436da98,0x00000006cff80000)
 Metaspace       used 60556K, capacity 64002K, committed 64512K, reserved 1105920K
  class space    used 8137K, capacity 8789K, committed 8960K, reserved 1048576K
}
Event: 93373.580 GC heap before
{Heap before GC invocations=83 (full 6):
 PSYoungGen      total 90112K, used 89808K [0x000000076b600000, 0x0000000771780000, 0x00000007c0000000)
  eden space 82432K, 100% used [0x000000076b600000,0x0000000770680000,0x0000000770680000)
  from space 7680K, 96% used [0x0000000770f00000,0x0000000771634228,0x0000000771680000)
  to   space 8704K, 0% used [0x0000000770680000,0x0000000770680000,0x0000000770f00000)
 ParOldGen       total 226816K, used 34230K [0x00000006c2200000, 0x00000006cff80000, 0x000000076b600000)
  object space 226816K, 15% used [0x00000006c2200000,0x00000006c436da98,0x00000006cff80000)
 Metaspace       used 60602K, capacity 64014K, committed 64512K, reserved 1105920K
  class space    used 8142K, capacity 8791K, committed 8960K, reserved 1048576K
Event: 93373.586 GC heap after
Heap after GC invocations=83 (full 6):
 PSYoungGen      total 90112K, used 8702K [0x000000076b600000, 0x0000000771980000, 0x00000007c0000000)
  eden space 81408K, 0% used [0x000000076b600000,0x000000076b600000,0x0000000770580000)
  from space 8704K, 99% used [0x0000000770680000,0x0000000770eff950,0x0000000770f00000)
  to   space 10240K, 0% used [0x0000000770f80000,0x0000000770f80000,0x0000000771980000)
 ParOldGen       total 226816K, used 34356K [0x00000006c2200000, 0x00000006cff80000, 0x000000076b600000)
  object space 226816K, 15% used [0x00000006c2200000,0x00000006c438d338,0x00000006cff80000)
 Metaspace       used 60602K, capacity 64014K, committed 64512K, reserved 1105920K
  class space    used 8142K, capacity 8791K, committed 8960K, reserved 1048576K
}

